[2026-03-24 16:01:53,920] INFO: Starting training: model=spatial, dataset=CDF, seed=0, device=cuda
[2026-03-24 16:01:54,254] INFO: Loading pretrained weights from url (https://github.com/rwightman/pytorch-image-models/releases/download/v0.1-cadene/xception-43020ad28.pth)
[2026-03-24 16:01:54,412] INFO: Missing keys (fc.weight, fc.bias) discovered while loading pretrained weights. This is expected if model is being adapted.
[2026-03-24 16:01:54,675] INFO: Froze spatial backbone for first 3 epochs
[2026-03-24 16:03:09,561] INFO: Epoch 1: lr=['1.00e-06', '1.00e-05'], loss=0.6921, val_auc=0.3905, val_f1=0.6061
[2026-03-24 16:04:17,104] INFO: Epoch 2: lr=['4.00e-06', '4.00e-05'], loss=0.6795, val_auc=0.5457, val_f1=0.6547
[2026-03-24 16:05:24,770] INFO: Epoch 3: lr=['7.00e-06', '7.00e-05'], loss=0.6566, val_auc=0.6549, val_f1=0.6946
[2026-03-24 16:05:24,968] INFO: Epoch 4: unfreezing spatial backbone
[2026-03-24 16:06:45,093] INFO: Epoch 4: lr=['1.00e-05', '1.00e-04'], loss=0.4980, val_auc=0.6929, val_f1=0.7531
[2026-03-24 16:07:56,329] INFO: Epoch 5: lr=['9.97e-06', '9.97e-05'], loss=0.2537, val_auc=0.7009, val_f1=0.7623
[2026-03-24 16:09:06,651] INFO: Epoch 6: lr=['9.88e-06', '9.87e-05'], loss=0.1792, val_auc=0.7143, val_f1=0.7623
[2026-03-24 16:10:19,584] INFO: Epoch 7: lr=['9.73e-06', '9.70e-05'], loss=0.1534, val_auc=0.7176, val_f1=0.7598
[2026-03-24 16:11:30,595] INFO: Epoch 8: lr=['9.52e-06', '9.47e-05'], loss=0.1418, val_auc=0.7364, val_f1=0.7604
[2026-03-24 16:12:42,583] INFO: Epoch 9: lr=['9.26e-06', '9.19e-05'], loss=0.1383, val_auc=0.7306, val_f1=0.7623
[2026-03-24 16:13:54,374] INFO: Epoch 10: lr=['8.95e-06', '8.84e-05'], loss=0.1356, val_auc=0.7219, val_f1=0.7636
[2026-03-24 16:15:05,399] INFO: Epoch 11: lr=['8.59e-06', '8.45e-05'], loss=0.1314, val_auc=0.7269, val_f1=0.7572
[2026-03-24 16:16:17,549] INFO: Epoch 12: lr=['8.19e-06', '8.01e-05'], loss=0.1292, val_auc=0.7263, val_f1=0.7579
[2026-03-24 16:17:29,675] INFO: Epoch 13: lr=['7.75e-06', '7.52e-05'], loss=0.1291, val_auc=0.7249, val_f1=0.7619
[2026-03-24 16:17:29,676] INFO: Early stopping at epoch 13: val AUC did not improve for 5 consecutive epochs.
[2026-03-24 16:17:29,677] INFO: Training complete. Best AUC=0.7364. Checkpoint at /content/outputs/runs/spatial_CDF_n100_seed0/best.pt
