[2026-03-24 07:05:49,334] INFO: Starting training: model=freq, dataset=CDF, seed=0, device=cuda
[2026-03-24 07:05:49,941] INFO: Compiling model with torch.compile (first batch will be slow)...
[2026-03-24 07:06:21,790] INFO: Epoch 1: lr=['1.00e-05'], loss=0.6951, val_auc=0.5850, val_f1=0.1629
[2026-03-24 07:06:49,590] INFO: Epoch 2: lr=['5.50e-05'], loss=0.6862, val_auc=0.5969, val_f1=0.1909
[2026-03-24 07:07:17,440] INFO: Epoch 3: lr=['1.00e-04'], loss=0.6689, val_auc=0.5978, val_f1=0.4207
[2026-03-24 07:07:45,325] INFO: Epoch 4: lr=['9.97e-05'], loss=0.6515, val_auc=0.6404, val_f1=0.6787
[2026-03-24 07:08:13,412] INFO: Epoch 5: lr=['9.88e-05'], loss=0.6409, val_auc=0.6186, val_f1=0.5990
[2026-03-24 07:08:41,829] INFO: Epoch 6: lr=['9.72e-05'], loss=0.6325, val_auc=0.6344, val_f1=0.2216
[2026-03-24 07:09:09,729] INFO: Epoch 7: lr=['9.51e-05'], loss=0.6266, val_auc=0.6271, val_f1=0.6324
[2026-03-24 07:09:37,781] INFO: Epoch 8: lr=['9.24e-05'], loss=0.6207, val_auc=0.6611, val_f1=0.6522
[2026-03-24 07:10:05,860] INFO: Epoch 9: lr=['8.92e-05'], loss=0.6167, val_auc=0.6434, val_f1=0.1191
[2026-03-24 07:10:33,978] INFO: Epoch 10: lr=['8.55e-05'], loss=0.6114, val_auc=0.6504, val_f1=0.3723
[2026-03-24 07:11:02,482] INFO: Epoch 11: lr=['8.14e-05'], loss=0.6073, val_auc=0.6650, val_f1=0.6397
[2026-03-24 07:11:30,379] INFO: Epoch 12: lr=['7.68e-05'], loss=0.6028, val_auc=0.6629, val_f1=0.5736
[2026-03-24 07:11:58,535] INFO: Epoch 13: lr=['7.20e-05'], loss=0.5992, val_auc=0.6702, val_f1=0.6721
[2026-03-24 07:12:26,430] INFO: Epoch 14: lr=['6.68e-05'], loss=0.5942, val_auc=0.6605, val_f1=0.0210
[2026-03-24 07:12:54,534] INFO: Epoch 15: lr=['6.15e-05'], loss=0.5930, val_auc=0.6555, val_f1=0.6738
[2026-03-24 07:13:22,520] INFO: Epoch 16: lr=['5.60e-05'], loss=0.5874, val_auc=0.6572, val_f1=0.6746
[2026-03-24 07:13:50,651] INFO: Epoch 17: lr=['5.05e-05'], loss=0.5832, val_auc=0.6812, val_f1=0.1099
[2026-03-24 07:14:18,621] INFO: Epoch 18: lr=['4.50e-05'], loss=0.5823, val_auc=0.6862, val_f1=0.6689
[2026-03-24 07:14:46,593] INFO: Epoch 19: lr=['3.95e-05'], loss=0.5788, val_auc=0.6644, val_f1=0.6782
[2026-03-24 07:15:14,674] INFO: Epoch 20: lr=['3.42e-05'], loss=0.5761, val_auc=0.6791, val_f1=0.5591
[2026-03-24 07:15:42,785] INFO: Epoch 21: lr=['2.90e-05'], loss=0.5736, val_auc=0.6805, val_f1=0.4962
[2026-03-24 07:16:10,522] INFO: Epoch 22: lr=['2.42e-05'], loss=0.5719, val_auc=0.6766, val_f1=0.5341
[2026-03-24 07:16:38,332] INFO: Epoch 23: lr=['1.96e-05'], loss=0.5702, val_auc=0.6822, val_f1=0.6509
[2026-03-24 07:16:38,332] INFO: Early stopping at epoch 23: val AUC did not improve for 5 consecutive epochs.
[2026-03-24 07:16:38,333] INFO: Training complete. Best AUC=0.6862. Checkpoint at /content/outputs/runs/freq_CDF_n600_seed0/best.pt
