[2026-03-24 10:57:17,946] INFO: Starting training: model=hybrid, dataset=CDF, seed=0, device=cuda
[2026-03-24 10:57:18,352] INFO: Loading pretrained weights from url (https://github.com/rwightman/pytorch-image-models/releases/download/v0.1-cadene/xception-43020ad28.pth)
[2026-03-24 10:57:19,087] INFO: Compiling model with torch.compile (first batch will be slow)...
[2026-03-24 10:57:20,195] INFO: Froze spatial backbone for first 3 epochs
[2026-03-24 10:58:04,663] INFO: Epoch 1: lr=['1.00e-06', '1.00e-05'], loss=0.6866, val_auc=0.5182, val_f1=0.5501
[2026-03-24 10:58:33,972] INFO: Epoch 2: lr=['5.50e-06', '5.50e-05'], loss=0.6548, val_auc=0.5198, val_f1=0.4252
[2026-03-24 10:59:03,196] INFO: Epoch 3: lr=['1.00e-05', '1.00e-04'], loss=0.5084, val_auc=0.5612, val_f1=0.5621
[2026-03-24 10:59:03,373] INFO: Epoch 4: unfreezing spatial backbone
[2026-03-24 10:59:32,641] INFO: Epoch 4: lr=['9.97e-06', '9.97e-05'], loss=0.2892, val_auc=0.5876, val_f1=0.5612
[2026-03-24 11:00:01,918] INFO: Epoch 5: lr=['9.89e-06', '9.88e-05'], loss=0.2322, val_auc=0.5888, val_f1=0.5952
[2026-03-24 11:00:31,354] INFO: Epoch 6: lr=['9.75e-06', '9.72e-05'], loss=0.2166, val_auc=0.5985, val_f1=0.5979
[2026-03-24 11:01:00,963] INFO: Epoch 7: lr=['9.55e-06', '9.51e-05'], loss=0.2102, val_auc=0.6141, val_f1=0.5750
[2026-03-24 11:01:30,646] INFO: Epoch 8: lr=['9.31e-06', '9.24e-05'], loss=0.2063, val_auc=0.6015, val_f1=0.5730
[2026-03-24 11:01:59,753] INFO: Epoch 9: lr=['9.02e-06', '8.92e-05'], loss=0.2021, val_auc=0.6222, val_f1=0.6207
[2026-03-24 11:02:29,117] INFO: Epoch 10: lr=['8.68e-06', '8.55e-05'], loss=0.1963, val_auc=0.6236, val_f1=0.6017
[2026-03-24 11:02:58,727] INFO: Epoch 11: lr=['8.31e-06', '8.14e-05'], loss=0.1931, val_auc=0.6223, val_f1=0.5556
[2026-03-24 11:03:28,204] INFO: Epoch 12: lr=['7.89e-06', '7.68e-05'], loss=0.1911, val_auc=0.6141, val_f1=0.5818
[2026-03-24 11:03:57,515] INFO: Epoch 13: lr=['7.45e-06', '7.20e-05'], loss=0.1896, val_auc=0.6061, val_f1=0.5730
[2026-03-24 11:04:26,856] INFO: Epoch 14: lr=['6.99e-06', '6.68e-05'], loss=0.1869, val_auc=0.6330, val_f1=0.6044
[2026-03-24 11:04:56,249] INFO: Epoch 15: lr=['6.50e-06', '6.15e-05'], loss=0.1844, val_auc=0.6324, val_f1=0.5481
[2026-03-24 11:05:25,424] INFO: Epoch 16: lr=['6.00e-06', '5.60e-05'], loss=0.1854, val_auc=0.6272, val_f1=0.5762
[2026-03-24 11:05:54,737] INFO: Epoch 17: lr=['5.50e-06', '5.05e-05'], loss=0.1840, val_auc=0.6310, val_f1=0.6186
[2026-03-24 11:06:24,014] INFO: Epoch 18: lr=['5.00e-06', '4.50e-05'], loss=0.1822, val_auc=0.6319, val_f1=0.5677
[2026-03-24 11:06:53,333] INFO: Epoch 19: lr=['4.50e-06', '3.95e-05'], loss=0.1817, val_auc=0.6330, val_f1=0.5505
[2026-03-24 11:06:53,333] INFO: Early stopping at epoch 19: val AUC did not improve for 5 consecutive epochs.
[2026-03-24 11:06:53,334] INFO: Training complete. Best AUC=0.6330. Checkpoint at /content/outputs/runs/hybrid_CDF_n250_seed0/best.pt
